Exporter version: 3.3.2, Blender version: 3.4.1
========= Conversion from Blender to Babylon.js =========
	Scene settings used :
		Inline textures     :  false
		Material Type       :  PBR
		Positions Precision :  4
		Normals Precision   :  3
		UVs Precision       :  3
		Vert Color Precision:  3
		Mat Weight Precision:  2
		Keep Z-up r-handed  :  no
		Texture directory   :  /home/nao/For_Hobby/nodokana-batana.github.io/3d_assets/
	Python World class constructor completed
	WARNING: No active camera has been assigned, or is not in a currently enabled collection
	processing begun of mesh:  Cube
		processing begun of material:  Material.001
		num positions      :  291
		num normals        :  291
		num tangents       :  0
		num uvs            :  582
		num uvs2           :  0
		num colors         :  0
		num triangles      :  108
	processing begun of mesh:  Cube.001
		processing begun of material:  Material.001
		registered as also a user of material:  Material.001
		num positions      :  947
		num normals        :  947
		num tangents       :  0
		num uvs            :  1894
		num uvs2           :  0
		num colors         :  0
		num triangles      :  392
	processing begun of mesh:  Cube.002
		processing begun of material:  Material.001
		registered as also a user of material:  Material.001
		num positions      :  376
		num normals        :  376
		num tangents       :  0
		num uvs            :  752
		num uvs2           :  0
		num colors         :  0
		num triangles      :  168
	processing begun of mesh:  Cube.003
		processing begun of material:  Material.001
		registered as also a user of material:  Material.001
		num positions      :  199
		num normals        :  199
		num tangents       :  0
		num uvs            :  398
		num uvs2           :  0
		num colors         :  0
		num triangles      :  84
	processing begun of mesh:  Cube.004
		processing begun of material:  Material.001
		registered as also a user of material:  Material.001
		num positions      :  49
		num normals        :  49
		num tangents       :  0
		num uvs            :  98
		num uvs2           :  0
		num colors         :  0
		num triangles      :  20
	processing begun of mesh:  Cube.005
		processing begun of material:  Material
		num positions      :  49
		num normals        :  49
		num tangents       :  0
		num uvs            :  98
		num uvs2           :  0
		num colors         :  0
		num triangles      :  20
	processing begun of mesh:  Cube.006
		processing begun of material:  Material.001
		registered as also a user of material:  Material.001
		num positions      :  77
		num normals        :  77
		num tangents       :  0
		num uvs            :  154
		num uvs2           :  0
		num colors         :  0
		num triangles      :  32
	processing begun of mesh:  Cube.007
		processing begun of material:  Material.001
		registered as also a user of material:  Material.001
		num positions      :  199
		num normals        :  199
		num tangents       :  0
		num uvs            :  398
		num uvs2           :  0
		num colors         :  0
		num triangles      :  84
	processing begun of mesh:  Cube.008
		processing begun of material:  Material.001
		registered as also a user of material:  Material.001
		num positions      :  49
		num normals        :  49
		num tangents       :  0
		num uvs            :  98
		num uvs2           :  0
		num colors         :  0
		num triangles      :  20
	processing begun of mesh:  Cube.009
		processing begun of material:  Material
		registered as also a user of material:  Material
		num positions      :  49
		num normals        :  49
		num tangents       :  0
		num uvs            :  98
		num uvs2           :  0
		num colors         :  0
		num triangles      :  20
	processing begun of mesh:  Cube.010
		processing begun of material:  Material.001
		registered as also a user of material:  Material.001
		num positions      :  77
		num normals        :  77
		num tangents       :  0
		num uvs            :  154
		num uvs2           :  0
		num colors         :  0
		num triangles      :  32
========= Writing of JSON file started =========
	writing mesh:  Cube
	writing mesh:  Cube.001
	writing mesh:  Cube.002
	writing mesh:  Cube.003
	writing mesh:  Cube.004
	writing mesh:  Cube.005
	writing mesh:  Cube.006
	writing mesh:  Cube.007
	writing mesh:  Cube.008
	writing mesh:  Cube.009
	writing mesh:  Cube.010
========= Writing of JSON file completed =========
========= end of processing =========
elapsed time:  0 min, 0.4009 secs
